<?xml version="1.0" encoding="UTF-8"?>
<!-- Generated by org.testng.reporters.JUnitXMLReporter -->
<testsuite ignored="0" hostname="LAPTOP-FRD5231R" failures="2" tests="6" name="Testchrome" time="32.142" errors="0" timestamp="2025-04-21T18:46:01 IST">
  <testcase classname="testCases.Tc002_LoginTest" name="verify_login" time="1.651"/>
  <testcase classname="testCases.TC003_LoginDDT" name="verify_LoginDDT" time="2.058"/>
  <testcase classname="testCases.TC003_LoginDDT" name="verify_LoginDDT" time="1.933">
    <failure type="java.lang.AssertionError" message="expected [true] but found [false]">
      <![CDATA[java.lang.AssertionError: expected [true] but found [false]
at testCases.TC003_LoginDDT.verify_LoginDDT(TC003_LoginDDT.java:64)
at java.base/java.util.ArrayList.forEach(ArrayList.java:1597)
... Removed 29 stack frames]]>
    </failure>
  </testcase> <!-- verify_LoginDDT -->
  <testcase classname="testCases.TC003_LoginDDT" name="verify_LoginDDT" time="2.19">
    <failure type="java.lang.AssertionError" message="expected [true] but found [false]">
      <![CDATA[java.lang.AssertionError: expected [true] but found [false]
at testCases.TC003_LoginDDT.verify_LoginDDT(TC003_LoginDDT.java:64)
at java.base/java.util.ArrayList.forEach(ArrayList.java:1597)
... Removed 29 stack frames]]>
    </failure>
  </testcase> <!-- verify_LoginDDT -->
  <testcase classname="testCases.TC003_LoginDDT" name="verify_LoginDDT" time="11.202"/>
  <testcase classname="testCases.TC003_LoginDDT" name="verify_LoginDDT" time="2.482"/>
</testsuite> <!-- Testchrome -->
