<?xml version="1.0" encoding="UTF-8"?>
<testng-results ignored="0" total="2" passed="2" failed="0" skipped="0">
  <reporter-output>
  </reporter-output>
  <suite started-at="2025-04-21T19:27:48 IST" name="Suite" finished-at="2025-04-21T19:28:06 IST" duration-ms="17991">
    <groups>
      <group name="Master">
        <method signature="TC_001AcntReg.verify_account_registration()[pri:0, instance:testCases.TC_001AcntReg@7b98f307]" name="verify_account_registration" class="testCases.TC_001AcntReg"/>
        <method signature="Tc002_LoginTest.verify_login()[pri:0, instance:testCases.Tc002_LoginTest@1bb5a082]" name="verify_login" class="testCases.Tc002_LoginTest"/>
      </group> <!-- Master -->
      <group name="Sanity">
        <method signature="Tc002_LoginTest.verify_login()[pri:0, instance:testCases.Tc002_LoginTest@1bb5a082]" name="verify_login" class="testCases.Tc002_LoginTest"/>
      </group> <!-- Sanity -->
      <group name="Regression">
        <method signature="TC_001AcntReg.verify_account_registration()[pri:0, instance:testCases.TC_001AcntReg@7b98f307]" name="verify_account_registration" class="testCases.TC_001AcntReg"/>
      </group> <!-- Regression -->
    </groups>
    <test started-at="2025-04-21T19:27:48 IST" name="Testchrome" finished-at="2025-04-21T19:28:06 IST" duration-ms="17991">
      <class name="testCases.Tc002_LoginTest">
        <test-method is-config="true" signature="setup(java.lang.String,java.lang.String)[pri:0, instance:testCases.Tc002_LoginTest@1bb5a082]" started-at="2025-04-21T19:27:57 IST" name="setup" finished-at="2025-04-21T19:28:04 IST" duration-ms="7125" status="PASS">
          <params>
            <param index="0">
              <value>
                <![CDATA[windows]]>
              </value>
            </param>
            <param index="1">
              <value>
                <![CDATA[chrome]]>
              </value>
            </param>
          </params>
          <reporter-output>
          </reporter-output>
        </test-method> <!-- setup -->
        <test-method signature="verify_login()[pri:0, instance:testCases.Tc002_LoginTest@1bb5a082]" started-at="2025-04-21T19:28:04 IST" name="verify_login" finished-at="2025-04-21T19:28:06 IST" duration-ms="1842" status="PASS">
          <reporter-output>
          </reporter-output>
        </test-method> <!-- verify_login -->
        <test-method is-config="true" signature="tearDown()[pri:0, instance:testCases.Tc002_LoginTest@1bb5a082]" started-at="2025-04-21T19:28:06 IST" name="tearDown" finished-at="2025-04-21T19:28:06 IST" duration-ms="348" status="PASS">
          <reporter-output>
          </reporter-output>
        </test-method> <!-- tearDown -->
      </class> <!-- testCases.Tc002_LoginTest -->
      <class name="testCases.TC_001AcntReg">
        <test-method is-config="true" signature="setup(java.lang.String,java.lang.String)[pri:0, instance:testCases.TC_001AcntReg@7b98f307]" started-at="2025-04-21T19:27:49 IST" name="setup" finished-at="2025-04-21T19:27:54 IST" duration-ms="5013" status="PASS">
          <params>
            <param index="0">
              <value>
                <![CDATA[windows]]>
              </value>
            </param>
            <param index="1">
              <value>
                <![CDATA[chrome]]>
              </value>
            </param>
          </params>
          <reporter-output>
          </reporter-output>
        </test-method> <!-- setup -->
        <test-method signature="verify_account_registration()[pri:0, instance:testCases.TC_001AcntReg@7b98f307]" started-at="2025-04-21T19:27:54 IST" name="verify_account_registration" finished-at="2025-04-21T19:27:57 IST" duration-ms="3122" status="PASS">
          <reporter-output>
          </reporter-output>
        </test-method> <!-- verify_account_registration -->
        <test-method is-config="true" signature="tearDown()[pri:0, instance:testCases.TC_001AcntReg@7b98f307]" started-at="2025-04-21T19:27:57 IST" name="tearDown" finished-at="2025-04-21T19:27:57 IST" duration-ms="288" status="PASS">
          <reporter-output>
          </reporter-output>
        </test-method> <!-- tearDown -->
      </class> <!-- testCases.TC_001AcntReg -->
    </test> <!-- Testchrome -->
  </suite> <!-- Suite -->
</testng-results>
